Start testing: Apr 17 12:06 CST
----------------------------------------------------------
1/1 Testing: test_simple_mip_program
1/1 Test: test_simple_mip_program
Command: "/home/sg0212895/opt/or-tools_x86_64_Ubuntu-22.04_cpp_v9.9.3963/examples/simple_mip_program/build/bin/simple_mip_program"
Directory: /home/sg0212895/opt/or-tools_x86_64_Ubuntu-22.04_cpp_v9.9.3963/examples/simple_mip_program/build
"test_simple_mip_program" start time: Apr 17 12:06 CST
Output:
----------------------------------------------------------
WARNING: All log messages before absl::InitializeLog() is called are written to STDERR
I0000 00:00:1713326803.531125   78833 simple_mip_program.cc:39] Number of variables = 2
I0000 00:00:1713326803.531223   78833 simple_mip_program.cc:53] Number of constraints = 2
I0000 00:00:1713326803.531774   78833 simple_mip_program.cc:73] Solution:
I0000 00:00:1713326803.531806   78833 simple_mip_program.cc:74] Objective value = 23
I0000 00:00:1713326803.531822   78833 simple_mip_program.cc:75] x = 3
I0000 00:00:1713326803.531840   78833 simple_mip_program.cc:76] y = 2
I0000 00:00:1713326803.531841   78833 simple_mip_program.cc:80] 
Advanced usage:
I0000 00:00:1713326803.531842   78833 simple_mip_program.cc:81] Problem solved in 2 milliseconds
I0000 00:00:1713326803.531845   78833 simple_mip_program.cc:82] Problem solved in 0 iterations
I0000 00:00:1713326803.531846   78833 simple_mip_program.cc:83] Problem solved in 1 branch-and-bound nodes
<end of output>
Test time =   0.01 sec
----------------------------------------------------------
Test Passed.
"test_simple_mip_program" end time: Apr 17 12:06 CST
"test_simple_mip_program" time elapsed: 00:00:00
----------------------------------------------------------

End testing: Apr 17 12:06 CST
