Start testing: Apr 17 12:07 CST
----------------------------------------------------------
1/1 Testing: test_vrp
1/1 Test: test_vrp
Command: "/home/sg0212895/opt/or-tools_x86_64_Ubuntu-22.04_cpp_v9.9.3963/examples/vrp/build/bin/vrp"
Directory: /home/sg0212895/opt/or-tools_x86_64_Ubuntu-22.04_cpp_v9.9.3963/examples/vrp/build
"test_vrp" start time: Apr 17 12:07 CST
Output:
----------------------------------------------------------
WARNING: All log messages before absl::InitializeLog() is called are written to STDERR
I0000 00:00:1713326827.742778   79354 vrp.cc:78] Objective: 4384
I0000 00:00:1713326827.742858   79354 vrp.cc:82] Route for Vehicle 0:
I0000 00:00:1713326827.742864   79354 vrp.cc:92] 0 -> 0
I0000 00:00:1713326827.742867   79354 vrp.cc:93] Distance of the route: 0m
I0000 00:00:1713326827.742868   79354 vrp.cc:82] Route for Vehicle 1:
I0000 00:00:1713326827.742869   79354 vrp.cc:92] 0 -> 0
I0000 00:00:1713326827.742870   79354 vrp.cc:93] Distance of the route: 0m
I0000 00:00:1713326827.742870   79354 vrp.cc:82] Route for Vehicle 2:
I0000 00:00:1713326827.742871   79354 vrp.cc:92] 0 -> 0
I0000 00:00:1713326827.742872   79354 vrp.cc:93] Distance of the route: 0m
I0000 00:00:1713326827.742872   79354 vrp.cc:82] Route for Vehicle 3:
I0000 00:00:1713326827.742876   79354 vrp.cc:92] 0 -> 9 -> 5 -> 8 -> 6 -> 2 -> 10 -> 16 -> 14 -> 13 -> 12 -> 11 -> 15 -> 3 -> 4 -> 1 -> 7 -> 0
I0000 00:00:1713326827.742877   79354 vrp.cc:93] Distance of the route: 4384m
I0000 00:00:1713326827.742878   79354 vrp.cc:96] Total distance of all routes: 4384m
I0000 00:00:1713326827.742879   79354 vrp.cc:97] 
I0000 00:00:1713326827.742879   79354 vrp.cc:98] Advanced usage:
I0000 00:00:1713326827.742880   79354 vrp.cc:99] Problem solved in 2ms
<end of output>
Test time =   0.01 sec
----------------------------------------------------------
Test Passed.
"test_vrp" end time: Apr 17 12:07 CST
"test_vrp" time elapsed: 00:00:00
----------------------------------------------------------

End testing: Apr 17 12:07 CST
