Start testing: Apr 17 12:06 CST
----------------------------------------------------------
1/1 Testing: test_simple_sat_program
1/1 Test: test_simple_sat_program
Command: "/home/sg0212895/opt/or-tools_x86_64_Ubuntu-22.04_cpp_v9.9.3963/examples/simple_sat_program/build/bin/simple_sat_program"
Directory: /home/sg0212895/opt/or-tools_x86_64_Ubuntu-22.04_cpp_v9.9.3963/examples/simple_sat_program/build
"test_simple_sat_program" start time: Apr 17 12:06 CST
Output:
----------------------------------------------------------
WARNING: All log messages before absl::InitializeLog() is called are written to STDERR
I0000 00:00:1713326807.951764   78948 simple_sat_program.cc:53] x = 1
I0000 00:00:1713326807.951876   78948 simple_sat_program.cc:54] y = 0
I0000 00:00:1713326807.951881   78948 simple_sat_program.cc:55] z = 0
<end of output>
Test time =   0.02 sec
----------------------------------------------------------
Test Passed.
"test_simple_sat_program" end time: Apr 17 12:06 CST
"test_simple_sat_program" time elapsed: 00:00:00
----------------------------------------------------------

End testing: Apr 17 12:06 CST
