Start testing: Apr 17 12:06 CST
----------------------------------------------------------
1/1 Testing: test_simple_max_flow_program
1/1 Test: test_simple_max_flow_program
Command: "/home/sg0212895/opt/or-tools_x86_64_Ubuntu-22.04_cpp_v9.9.3963/examples/simple_max_flow_program/build/bin/simple_max_flow_program"
Directory: /home/sg0212895/opt/or-tools_x86_64_Ubuntu-22.04_cpp_v9.9.3963/examples/simple_max_flow_program/build
"test_simple_max_flow_program" start time: Apr 17 12:06 CST
Output:
----------------------------------------------------------
WARNING: All log messages before absl::InitializeLog() is called are written to STDERR
I0000 00:00:1713326792.308381   78495 simple_max_flow_program.cc:62] Solving the max flow problem failed. Solver status: 0
<end of output>
Test time =   0.01 sec
----------------------------------------------------------
Test Passed.
"test_simple_max_flow_program" end time: Apr 17 12:06 CST
"test_simple_max_flow_program" time elapsed: 00:00:00
----------------------------------------------------------

End testing: Apr 17 12:06 CST
