Start testing: Apr 17 12:06 CST
----------------------------------------------------------
1/1 Testing: test_simple_min_cost_flow_program
1/1 Test: test_simple_min_cost_flow_program
Command: "/home/sg0212895/opt/or-tools_x86_64_Ubuntu-22.04_cpp_v9.9.3963/examples/simple_min_cost_flow_program/build/bin/simple_min_cost_flow_program"
Directory: /home/sg0212895/opt/or-tools_x86_64_Ubuntu-22.04_cpp_v9.9.3963/examples/simple_min_cost_flow_program/build
"test_simple_min_cost_flow_program" start time: Apr 17 12:06 CST
Output:
----------------------------------------------------------
WARNING: All log messages before absl::InitializeLog() is called are written to STDERR
I0000 00:00:1713326795.405347   78605 simple_min_cost_flow_program.cc:65] Minimum cost flow: 150
I0000 00:00:1713326795.405423   78605 simple_min_cost_flow_program.cc:66] 
I0000 00:00:1713326795.405426   78605 simple_min_cost_flow_program.cc:67]  Arc   Flow / Capacity  Cost
I0000 00:00:1713326795.405427   78605 simple_min_cost_flow_program.cc:70] 0 -> 1  12  / 15       48
I0000 00:00:1713326795.405430   78605 simple_min_cost_flow_program.cc:70] 0 -> 2  8  / 8       32
I0000 00:00:1713326795.405432   78605 simple_min_cost_flow_program.cc:70] 1 -> 2  8  / 20       16
I0000 00:00:1713326795.405433   78605 simple_min_cost_flow_program.cc:70] 1 -> 3  4  / 4       8
I0000 00:00:1713326795.405434   78605 simple_min_cost_flow_program.cc:70] 1 -> 4  0  / 10       0
I0000 00:00:1713326795.405435   78605 simple_min_cost_flow_program.cc:70] 2 -> 3  12  / 15       12
I0000 00:00:1713326795.405437   78605 simple_min_cost_flow_program.cc:70] 2 -> 4  4  / 4       12
I0000 00:00:1713326795.405438   78605 simple_min_cost_flow_program.cc:70] 3 -> 4  11  / 20       22
I0000 00:00:1713326795.405439   78605 simple_min_cost_flow_program.cc:70] 4 -> 2  0  / 5       0
<end of output>
Test time =   0.01 sec
----------------------------------------------------------
Test Passed.
"test_simple_min_cost_flow_program" end time: Apr 17 12:06 CST
"test_simple_min_cost_flow_program" time elapsed: 00:00:00
----------------------------------------------------------

End testing: Apr 17 12:06 CST
