Start testing: Apr 17 12:06 CST
----------------------------------------------------------
1/1 Testing: test_simple_lp_program
1/1 Test: test_simple_lp_program
Command: "/home/sg0212895/opt/or-tools_x86_64_Ubuntu-22.04_cpp_v9.9.3963/examples/simple_lp_program/build/bin/simple_lp_program"
Directory: /home/sg0212895/opt/or-tools_x86_64_Ubuntu-22.04_cpp_v9.9.3963/examples/simple_lp_program/build
"test_simple_lp_program" start time: Apr 17 12:06 CST
Output:
----------------------------------------------------------
WARNING: All log messages before absl::InitializeLog() is called are written to STDERR
I0000 00:00:1713326799.322346   78718 simple_lp_program.cc:36] Number of variables = 2
I0000 00:00:1713326799.322419   78718 simple_lp_program.cc:50] Number of constraints = 2
I0000 00:00:1713326799.322638   78718 simple_lp_program.cc:70] Solution:

I0000 00:00:1713326799.322662   78718 simple_lp_program.cc:71] Objective value = 25
I0000 00:00:1713326799.322678   78718 simple_lp_program.cc:72] x = 0
I0000 00:00:1713326799.322680   78718 simple_lp_program.cc:73] y = 2.5
I0000 00:00:1713326799.322681   78718 simple_lp_program.cc:77] 
Advanced usage:
I0000 00:00:1713326799.322681   78718 simple_lp_program.cc:78] Problem solved in 0 milliseconds
I0000 00:00:1713326799.322683   78718 simple_lp_program.cc:79] Problem solved in 0 iterations
<end of output>
Test time =   0.01 sec
----------------------------------------------------------
Test Passed.
"test_simple_lp_program" end time: Apr 17 12:06 CST
"test_simple_lp_program" time elapsed: 00:00:00
----------------------------------------------------------

End testing: Apr 17 12:06 CST
