Start testing: Apr 17 12:07 CST
----------------------------------------------------------
1/1 Testing: test_minimal_jobshop_cp
1/1 Test: test_minimal_jobshop_cp
Command: "/home/sg0212895/opt/or-tools_x86_64_Ubuntu-22.04_cpp_v9.9.3963/examples/minimal_jobshop_cp/build/bin/minimal_jobshop_cp"
Directory: /home/sg0212895/opt/or-tools_x86_64_Ubuntu-22.04_cpp_v9.9.3963/examples/minimal_jobshop_cp/build
"test_minimal_jobshop_cp" start time: Apr 17 12:07 CST
Output:
----------------------------------------------------------
I0417 12:07:21.988732   79709 minimal_jobshop_cp.cc:41] Machines:  0 1 2
I0417 12:07:21.988798   79709 minimal_jobshop_cp.cc:51] Jobs:
I0417 12:07:21.988805   79709 minimal_jobshop_cp.cc:59] Job 0: [(0, 3)(1, 2)(2, 2)]

I0417 12:07:21.988807   79709 minimal_jobshop_cp.cc:59] Job 1: [(0, 2)(2, 1)(1, 4)]

I0417 12:07:21.988808   79709 minimal_jobshop_cp.cc:59] Job 2: [(1, 4)(2, 3)]

I0417 12:07:21.988809   79709 minimal_jobshop_cp.cc:69] Horizon: 21
I0417 12:07:21.991442   79709 search.cc:285] Start search (memory used = 11.02 MB)
I0417 12:07:21.991778   79709 search.cc:285] Root node processed (time = 0 ms, constraints = 39, memory used = 11.02 MB)
I0417 12:07:21.992100   79709 search.cc:285] Solution #0 (objective = 14, time = 0 ms, branches = 6, failures = 0, depth = 6, memory used = 11.05 MB)
I0417 12:07:21.992237   79709 search.cc:285] Solution #1 (objective = 12, objective maximum = 14, time = 0 ms, branches = 8, failures = 4, depth = 4, memory used = 11.05 MB)
I0417 12:07:21.992287   79709 search.cc:285] Solution #2 (objective = 11, objective maximum = 14, time = 0 ms, branches = 10, failures = 6, depth = 3, memory used = 11.05 MB)
I0417 12:07:21.992339   79709 search.cc:285] Finished search tree (time = 0 ms, branches = 10, failures = 9, memory used = 11.05 MB)
I0417 12:07:21.992357   79709 search.cc:285] End search (time = 1 ms, branches = 10, failures = 9, memory used = 11.05 MB, speed = 10000 branches/s)
I0417 12:07:21.992362   79709 minimal_jobshop_cp.cc:159] Optimal Schedule Length: 11
I0417 12:07:21.992368   79709 minimal_jobshop_cp.cc:160] 
I0417 12:07:21.992369   79709 minimal_jobshop_cp.cc:162] Optimal Schedule:
I0417 12:07:21.992373   79709 minimal_jobshop_cp.cc:171] Machine 0: Job_0_0 Job_1_0 
I0417 12:07:21.992380   79709 minimal_jobshop_cp.cc:171] Machine 1: Job_2_0 Job_0_1 Job_1_2 
I0417 12:07:21.992384   79709 minimal_jobshop_cp.cc:171] Machine 2: Job_1_1 Job_0_2 Job_2_1 
I0417 12:07:21.992386   79709 minimal_jobshop_cp.cc:189] Time Intervals for Tasks: 
I0417 12:07:21.992387   79709 minimal_jobshop_cp.cc:191] Machine 0: [( 0, 0),( 3, 3)][( 3, 3),( 5, 5)]
I0417 12:07:21.992388   79709 minimal_jobshop_cp.cc:191] Machine 1: [( 0, 0),( 4, 4)][( 4, 4),( 6, 6)][( 6, 7),(10, 11)]
I0417 12:07:21.992388   79709 minimal_jobshop_cp.cc:191] Machine 2: [( 5, 5),( 6, 6)][( 6, 6),( 8, 8)][( 8, 8),(11, 11)]
I0417 12:07:21.992389   79709 minimal_jobshop_cp.cc:193] Advanced usage:
I0417 12:07:21.992390   79709 minimal_jobshop_cp.cc:194] Time: 3ms
<end of output>
Test time =   0.01 sec
----------------------------------------------------------
Test Passed.
"test_minimal_jobshop_cp" end time: Apr 17 12:07 CST
"test_minimal_jobshop_cp" time elapsed: 00:00:00
----------------------------------------------------------

End testing: Apr 17 12:07 CST
